<?xml version="1.0" encoding="UTF-8"?>
<!-- Generated by org.testng.reporters.JUnitXMLReporter -->
<testsuite ignored="0" hostname="DESKTOP-BAP7IMG" failures="0" tests="2" name="Error Validations Test" time="17.733" errors="0" timestamp="06 Jul 2023 09:21:20 GMT">
  <testcase classname="rahulshettyacademy.tests.ErrorValidationsTest" name="LoginErrorValidation" time="1.112"/>
  <testcase classname="rahulshettyacademy.tests.ErrorValidationsTest" name="ProductErrorValidation" time="3.882"/>
</testsuite> <!-- Error Validations Test -->
