<?xml version="1.0" encoding="UTF-8"?>
<testng-results ignored="0" total="5" passed="5" failed="0" skipped="0">
  <reporter-output>
  </reporter-output>
  <suite started-at="2023-07-06T09:21:02Z" name="Suite" finished-at="2023-07-06T09:21:28Z" duration-ms="25703">
    <groups>
      <group name="Purchase">
        <method signature="SubmitOrderTest.submitOrder(java.util.HashMap)[pri:0, instance:rahulshettyacademy.tests.SubmitOrderTest@64b73e7a]" name="submitOrder" class="rahulshettyacademy.tests.SubmitOrderTest"/>
      </group> <!-- Purchase -->
      <group name="ErrorHandling">
        <method signature="ErrorValidationsTest.LoginErrorValidation()[pri:0, instance:rahulshettyacademy.tests.ErrorValidationsTest@222eb8aa]" name="LoginErrorValidation" class="rahulshettyacademy.tests.ErrorValidationsTest"/>
      </group> <!-- ErrorHandling -->
    </groups>
    <test started-at="2023-07-06T09:21:02Z" name="Error Validations Test" finished-at="2023-07-06T09:21:20Z" duration-ms="17733">
      <class name="rahulshettyacademy.tests.ErrorValidationsTest">
        <test-method is-config="true" signature="launchApplication()[pri:0, instance:rahulshettyacademy.tests.ErrorValidationsTest@222eb8aa]" started-at="2023-07-06T09:21:02Z" name="launchApplication" finished-at="2023-07-06T09:21:11Z" duration-ms="8088" status="PASS">
          <reporter-output>
          </reporter-output>
        </test-method> <!-- launchApplication -->
        <test-method signature="LoginErrorValidation()[pri:0, instance:rahulshettyacademy.tests.ErrorValidationsTest@222eb8aa]" started-at="2023-07-06T09:21:11Z" name="LoginErrorValidation" finished-at="2023-07-06T09:21:12Z" duration-ms="1112" status="PASS">
          <reporter-output>
          </reporter-output>
        </test-method> <!-- LoginErrorValidation -->
        <test-method is-config="true" signature="tearDown()[pri:0, instance:rahulshettyacademy.tests.ErrorValidationsTest@222eb8aa]" started-at="2023-07-06T09:21:12Z" name="tearDown" finished-at="2023-07-06T09:21:12Z" duration-ms="710" status="PASS">
          <reporter-output>
          </reporter-output>
        </test-method> <!-- tearDown -->
        <test-method is-config="true" signature="launchApplication()[pri:0, instance:rahulshettyacademy.tests.ErrorValidationsTest@222eb8aa]" started-at="2023-07-06T09:21:12Z" name="launchApplication" finished-at="2023-07-06T09:21:16Z" duration-ms="3662" status="PASS">
          <reporter-output>
          </reporter-output>
        </test-method> <!-- launchApplication -->
        <test-method signature="ProductErrorValidation()[pri:0, instance:rahulshettyacademy.tests.ErrorValidationsTest@222eb8aa]" started-at="2023-07-06T09:21:16Z" name="ProductErrorValidation" finished-at="2023-07-06T09:21:20Z" duration-ms="3882" status="PASS">
          <reporter-output>
          </reporter-output>
        </test-method> <!-- ProductErrorValidation -->
        <test-method is-config="true" signature="tearDown()[pri:0, instance:rahulshettyacademy.tests.ErrorValidationsTest@222eb8aa]" started-at="2023-07-06T09:21:20Z" name="tearDown" finished-at="2023-07-06T09:21:20Z" duration-ms="216" status="PASS">
          <reporter-output>
          </reporter-output>
        </test-method> <!-- tearDown -->
      </class> <!-- rahulshettyacademy.tests.ErrorValidationsTest -->
    </test> <!-- Error Validations Test -->
    <test started-at="2023-07-06T09:21:02Z" name="Submit Order Test" finished-at="2023-07-06T09:21:28Z" duration-ms="25703">
      <class name="rahulshettyacademy.tests.SubmitOrderTest">
        <test-method is-config="true" signature="launchApplication()[pri:0, instance:rahulshettyacademy.tests.SubmitOrderTest@64b73e7a]" started-at="2023-07-06T09:21:03Z" name="launchApplication" finished-at="2023-07-06T09:21:10Z" duration-ms="7470" status="PASS">
          <reporter-output>
          </reporter-output>
        </test-method> <!-- launchApplication -->
        <test-method signature="submitOrder(java.util.HashMap)[pri:0, instance:rahulshettyacademy.tests.SubmitOrderTest@64b73e7a]" started-at="2023-07-06T09:21:10Z" name="submitOrder" data-provider="getData" finished-at="2023-07-06T09:21:16Z" duration-ms="5295" status="PASS">
          <params>
            <param index="0">
              <value>
                <![CDATA[{password=Rahul@484, product=ZARA COAT 3, email=shyamalasampath484@gmail.com}]]>
              </value>
            </param>
          </params>
          <reporter-output>
          </reporter-output>
        </test-method> <!-- submitOrder -->
        <test-method is-config="true" signature="tearDown()[pri:0, instance:rahulshettyacademy.tests.SubmitOrderTest@64b73e7a]" started-at="2023-07-06T09:21:16Z" name="tearDown" finished-at="2023-07-06T09:21:16Z" duration-ms="163" status="PASS">
          <reporter-output>
          </reporter-output>
        </test-method> <!-- tearDown -->
        <test-method is-config="true" signature="launchApplication()[pri:0, instance:rahulshettyacademy.tests.SubmitOrderTest@64b73e7a]" started-at="2023-07-06T09:21:16Z" name="launchApplication" finished-at="2023-07-06T09:21:20Z" duration-ms="4028" status="PASS">
          <reporter-output>
          </reporter-output>
        </test-method> <!-- launchApplication -->
        <test-method signature="submitOrder(java.util.HashMap)[pri:0, instance:rahulshettyacademy.tests.SubmitOrderTest@64b73e7a]" started-at="2023-07-06T09:21:20Z" name="submitOrder" data-provider="getData" finished-at="2023-07-06T09:21:24Z" duration-ms="4415" status="PASS">
          <params>
            <param index="0">
              <value>
                <![CDATA[{password=Rahul@484, product=ADIDAS ORIGINAL, email=shyamalasampath484@gmail.com}]]>
              </value>
            </param>
          </params>
          <reporter-output>
          </reporter-output>
        </test-method> <!-- submitOrder -->
        <test-method is-config="true" signature="tearDown()[pri:0, instance:rahulshettyacademy.tests.SubmitOrderTest@64b73e7a]" started-at="2023-07-06T09:21:24Z" name="tearDown" finished-at="2023-07-06T09:21:25Z" duration-ms="214" status="PASS">
          <reporter-output>
          </reporter-output>
        </test-method> <!-- tearDown -->
        <test-method is-config="true" signature="launchApplication()[pri:0, instance:rahulshettyacademy.tests.SubmitOrderTest@64b73e7a]" started-at="2023-07-06T09:21:25Z" name="launchApplication" finished-at="2023-07-06T09:21:27Z" duration-ms="2218" status="PASS">
          <reporter-output>
          </reporter-output>
        </test-method> <!-- launchApplication -->
        <test-method signature="OrderHistoryTest()[pri:0, instance:rahulshettyacademy.tests.SubmitOrderTest@64b73e7a]" started-at="2023-07-06T09:21:27Z" name="OrderHistoryTest" finished-at="2023-07-06T09:21:28Z" depends-on-methods="rahulshettyacademy.tests.SubmitOrderTest.submitOrder" duration-ms="1133" status="PASS">
          <reporter-output>
          </reporter-output>
        </test-method> <!-- OrderHistoryTest -->
        <test-method is-config="true" signature="tearDown()[pri:0, instance:rahulshettyacademy.tests.SubmitOrderTest@64b73e7a]" started-at="2023-07-06T09:21:28Z" name="tearDown" finished-at="2023-07-06T09:21:28Z" duration-ms="151" status="PASS">
          <reporter-output>
          </reporter-output>
        </test-method> <!-- tearDown -->
      </class> <!-- rahulshettyacademy.tests.SubmitOrderTest -->
    </test> <!-- Submit Order Test -->
  </suite> <!-- Suite -->
</testng-results>
